PRISM
=====

Version: 4.8
Date: Wed Apr 09 00:46:37 UTC 2025
Hostname: ubuntu-server-macos
Memory limits: cudd=1g, java(heap)=1g
Command line: prism tm.prism tm.props -nofixdl -nossdetect -epsilon 1e-9

Parsing model file "tm.prism"...

Type:        CTMC
Modules:     TM_I0_E1 TM_F1_E5
Variables:   TM_I0_E1_pc TM_I0_E1_to_be_terminated TM_I0_E1_to_be_failed TM_terminated TM_F1_E5_pc TM_F1_E5_to_be_terminated TM_F1_E5_to_be_failed

Parsing properties file "tm.props"...

22 properties:
(1) "P_deadlock_freedom": !E [ F "deadlock" ]
(2) "P_termination": P=? [ F (TM_terminated&!TM_to_be_failed) ]
(3) "P_terminated_10": P=? [ F<=10 (TM_terminated&!TM_to_be_failed) ]
(4) "P_terminated_20": P=? [ F<=20 (TM_terminated&!TM_to_be_failed) ]
(5) "P_terminated_30": P=? [ F<=30 (TM_terminated&!TM_to_be_failed) ]
(6) "P_terminated_40": P=? [ F<=40 (TM_terminated&!TM_to_be_failed) ]
(7) "P_terminated_50": P=? [ F<=50 (TM_terminated&!TM_to_be_failed) ]
(8) "P_terminated_60": P=? [ F<=60 (TM_terminated&!TM_to_be_failed) ]
(9) "P_terminated_70": P=? [ F<=70 (TM_terminated&!TM_to_be_failed) ]
(10) "P_terminated_80": P=? [ F<=80 (TM_terminated&!TM_to_be_failed) ]
(11) "P_terminated_90": P=? [ F<=90 (TM_terminated&!TM_to_be_failed) ]
(12) "P_terminated_100": P=? [ F<=100 (TM_terminated&!TM_to_be_failed) ]
(13) "P_terminated_110": P=? [ F<=110 (TM_terminated&!TM_to_be_failed) ]
(14) "P_terminated_120": P=? [ F<=120 (TM_terminated&!TM_to_be_failed) ]
(15) "P_terminated_130": P=? [ F<=130 (TM_terminated&!TM_to_be_failed) ]
(16) "P_terminated_140": P=? [ F<=140 (TM_terminated&!TM_to_be_failed) ]
(17) "P_terminated_150": P=? [ F<=150 (TM_terminated&!TM_to_be_failed) ]
(18) "P_terminated_160": P=? [ F<=160 (TM_terminated&!TM_to_be_failed) ]
(19) "P_terminated_170": P=? [ F<=170 (TM_terminated&!TM_to_be_failed) ]
(20) "P_terminated_180": P=? [ F<=180 (TM_terminated&!TM_to_be_failed) ]
(21) "P_terminated_190": P=? [ F<=190 (TM_terminated&!TM_to_be_failed) ]
(22) "P_terminated_200": P=? [ F<=200 (TM_terminated&!TM_to_be_failed) ]

---------------------------------------------------------------------

Model checking: "P_deadlock_freedom": !E [ F "deadlock" ]

Building model...

Computing reachable states...

Reachability (BFS): 18 iterations in 0.00 seconds (average 0.000056, setup 0.00)

Time for model construction: 0.024 seconds.

Type:        CTMC
States:      39 (1 initial)
Transitions: 73

Rate matrix: 485 nodes (20 terminal), 73 minterms, vars: 12r/12c

CTL EU fixpoint: 1 iterations in 0.0 seconds

Property satisfied in 1 of 1 initial states.

Time for model checking: 0.007 seconds.

Result: true

---------------------------------------------------------------------

Model checking: "P_termination": P=? [ F (TM_terminated&!TM_to_be_failed) ]

Diagonals vector: 118 nodes (11 terminal), 39 minterms
Embedded Markov chain: 458 nodes (21 terminal), 73 minterms

Prob0: 18 iterations in 0.00 seconds (average 0.000000, setup 0.00)

Prob1: 4 iterations in 0.00 seconds (average 0.000000, setup 0.00)

yes = 3, no = 11, maybe = 25

Computing remaining probabilities...
Engine: Hybrid

Building hybrid MTBDD matrix... [levels=12, nodes=422] [19.8 KB]
Adding explicit sparse matrices... [levels=12, num=1, compact] [0.4 KB]
Creating vector for diagonals... [dist=1, compact] [0.1 KB]
Creating vector for RHS... [dist=2, compact] [0.1 KB]
Allocating iteration vectors... [2 x 0.3 KB]
TOTAL: [21.0 KB]

Starting iterations...

Jacobi: 112 iterations in 0.00 seconds (average 0.000000, setup 0.00)

Value in the initial state: 0.7754788726131844

Time for model checking: 0.019 seconds.

Result: 0.7754788726131844 (+/- 5.618278109409402E-9 estimated; rel err 7.244914475203051E-9)

---------------------------------------------------------------------

Model checking: "P_terminated_10": P=? [ F<=10 (TM_terminated&!TM_to_be_failed) ]

Computing probabilities...
Engine: Hybrid

Number of non-absorbing states: 38 of 39 (97.4%)

Building hybrid MTBDD matrix... [levels=12, nodes=511] [24.0 KB]
Adding explicit sparse matrices... [levels=12, num=1, compact] [0.5 KB]
Creating vector for diagonals... [dist=11, compact] [0.2 KB]
Allocating iteration vectors... [3 x 0.3 KB]
TOTAL: [25.5 KB]

Uniformisation: q.t = 1020.340000 x 10.000000 = 10203.400000
Fox-Glynn: left = 9392, right = 11205

Starting iterations...

Iterative method: 11205 iterations in 0.01 seconds (average 0.000000, setup 0.00)

Value in the initial state: 0.03299765941721372

Time for model checking: 0.011 seconds.

Result: 0.03299765941721372

---------------------------------------------------------------------

Model checking: "P_terminated_20": P=? [ F<=20 (TM_terminated&!TM_to_be_failed) ]

Computing probabilities...
Engine: Hybrid

Number of non-absorbing states: 38 of 39 (97.4%)

Building hybrid MTBDD matrix... [levels=12, nodes=511] [24.0 KB]
Adding explicit sparse matrices... [levels=12, num=1, compact] [0.5 KB]
Creating vector for diagonals... [dist=11, compact] [0.2 KB]
Allocating iteration vectors... [3 x 0.3 KB]
TOTAL: [25.5 KB]

Uniformisation: q.t = 1020.340000 x 20.000000 = 20406.800000
Fox-Glynn: left = 19260, right = 21822

Starting iterations...

Iterative method: 21822 iterations in 0.00 seconds (average 0.000000, setup 0.00)

Value in the initial state: 0.31592481064407923

Time for model checking: 0.029 seconds.

Result: 0.31592481064407923

---------------------------------------------------------------------

Model checking: "P_terminated_30": P=? [ F<=30 (TM_terminated&!TM_to_be_failed) ]

Computing probabilities...
Engine: Hybrid

Number of non-absorbing states: 38 of 39 (97.4%)

Building hybrid MTBDD matrix... [levels=12, nodes=511] [24.0 KB]
Adding explicit sparse matrices... [levels=12, num=1, compact] [0.5 KB]
Creating vector for diagonals... [dist=11, compact] [0.2 KB]
Allocating iteration vectors... [3 x 0.3 KB]
TOTAL: [25.5 KB]

Uniformisation: q.t = 1020.340000 x 30.000000 = 30610.200000
Fox-Glynn: left = 29208, right = 32344

Starting iterations...

Iterative method: 32344 iterations in 0.00 seconds (average 0.000000, setup 0.00)

Value in the initial state: 0.5685050063237881

Time for model checking: 0.028 seconds.

Result: 0.5685050063237881

---------------------------------------------------------------------

Model checking: "P_terminated_40": P=? [ F<=40 (TM_terminated&!TM_to_be_failed) ]

Computing probabilities...
Engine: Hybrid

Number of non-absorbing states: 38 of 39 (97.4%)

Building hybrid MTBDD matrix... [levels=12, nodes=511] [24.0 KB]
Adding explicit sparse matrices... [levels=12, num=1, compact] [0.5 KB]
Creating vector for diagonals... [dist=11, compact] [0.2 KB]
Allocating iteration vectors... [3 x 0.3 KB]
TOTAL: [25.5 KB]

Uniformisation: q.t = 1020.340000 x 40.000000 = 40813.600000
Fox-Glynn: left = 39194, right = 42815

Starting iterations...

Iterative method: 42815 iterations in 0.00 seconds (average 0.000000, setup 0.00)

Value in the initial state: 0.6875943278564772

Time for model checking: 0.018 seconds.

Result: 0.6875943278564772

---------------------------------------------------------------------

Model checking: "P_terminated_50": P=? [ F<=50 (TM_terminated&!TM_to_be_failed) ]

Computing probabilities...
Engine: Hybrid

Number of non-absorbing states: 38 of 39 (97.4%)

Building hybrid MTBDD matrix... [levels=12, nodes=511] [24.0 KB]
Adding explicit sparse matrices... [levels=12, num=1, compact] [0.5 KB]
Creating vector for diagonals... [dist=11, compact] [0.2 KB]
Allocating iteration vectors... [3 x 0.3 KB]
TOTAL: [25.5 KB]

Uniformisation: q.t = 1020.340000 x 50.000000 = 51017.000000
Fox-Glynn: left = 49207, right = 53255

Starting iterations...

Iterative method: 53255 iterations in 0.01 seconds (average 0.000000, setup 0.00)

Value in the initial state: 0.7380407428074769

Time for model checking: 0.037 seconds.

Result: 0.7380407428074769

---------------------------------------------------------------------

Model checking: "P_terminated_60": P=? [ F<=60 (TM_terminated&!TM_to_be_failed) ]

Computing probabilities...
Engine: Hybrid

Number of non-absorbing states: 38 of 39 (97.4%)

Building hybrid MTBDD matrix... [levels=12, nodes=511] [24.0 KB]
Adding explicit sparse matrices... [levels=12, num=1, compact] [0.5 KB]
Creating vector for diagonals... [dist=11, compact] [0.2 KB]
Allocating iteration vectors... [3 x 0.3 KB]
TOTAL: [25.5 KB]

Uniformisation: q.t = 1020.340000 x 60.000000 = 61220.400000
Fox-Glynn: left = 59238, right = 63671

Starting iterations...

Iterative method: 63671 iterations in 0.01 seconds (average 0.000000, setup 0.00)

Value in the initial state: 0.7594278111460743

Time for model checking: 0.03 seconds.

Result: 0.7594278111460743

---------------------------------------------------------------------

Model checking: "P_terminated_70": P=? [ F<=70 (TM_terminated&!TM_to_be_failed) ]

Computing probabilities...
Engine: Hybrid

Number of non-absorbing states: 38 of 39 (97.4%)

Building hybrid MTBDD matrix... [levels=12, nodes=511] [24.0 KB]
Adding explicit sparse matrices... [levels=12, num=1, compact] [0.5 KB]
Creating vector for diagonals... [dist=11, compact] [0.2 KB]
Allocating iteration vectors... [3 x 0.3 KB]
TOTAL: [25.5 KB]

Uniformisation: q.t = 1020.340000 x 70.000000 = 71423.800000
Fox-Glynn: left = 69282, right = 74071

Starting iterations...

Iterative method: 74071 iterations in 0.01 seconds (average 0.000000, setup 0.00)

Value in the initial state: 0.7685750243733331

Time for model checking: 0.033 seconds.

Result: 0.7685750243733331

---------------------------------------------------------------------

Model checking: "P_terminated_80": P=? [ F<=80 (TM_terminated&!TM_to_be_failed) ]

Computing probabilities...
Engine: Hybrid

Number of non-absorbing states: 38 of 39 (97.4%)

Building hybrid MTBDD matrix... [levels=12, nodes=511] [24.0 KB]
Adding explicit sparse matrices... [levels=12, num=1, compact] [0.5 KB]
Creating vector for diagonals... [dist=11, compact] [0.2 KB]
Allocating iteration vectors... [3 x 0.3 KB]
TOTAL: [25.5 KB]

Uniformisation: q.t = 1020.340000 x 80.000000 = 81627.200000
Fox-Glynn: left = 79339, right = 84457

Starting iterations...

Iterative method: 84457 iterations in 0.01 seconds (average 0.000000, setup 0.00)

Value in the initial state: 0.7725054624528981

Time for model checking: 0.039 seconds.

Result: 0.7725054624528981

---------------------------------------------------------------------

Model checking: "P_terminated_90": P=? [ F<=90 (TM_terminated&!TM_to_be_failed) ]

Computing probabilities...
Engine: Hybrid

Number of non-absorbing states: 38 of 39 (97.4%)

Building hybrid MTBDD matrix... [levels=12, nodes=511] [24.0 KB]
Adding explicit sparse matrices... [levels=12, num=1, compact] [0.5 KB]
Creating vector for diagonals... [dist=11, compact] [0.2 KB]
Allocating iteration vectors... [3 x 0.3 KB]
TOTAL: [25.5 KB]

Uniformisation: q.t = 1020.340000 x 90.000000 = 91830.600000
Fox-Glynn: left = 89403, right = 94832

Starting iterations...

Iterative method: 94832 iterations in 0.01 seconds (average 0.000000, setup 0.00)

Value in the initial state: 0.7741975945381501

Time for model checking: 0.039 seconds.

Result: 0.7741975945381501

---------------------------------------------------------------------

Model checking: "P_terminated_100": P=? [ F<=100 (TM_terminated&!TM_to_be_failed) ]

Computing probabilities...
Engine: Hybrid

Number of non-absorbing states: 38 of 39 (97.4%)

Building hybrid MTBDD matrix... [levels=12, nodes=511] [24.0 KB]
Adding explicit sparse matrices... [levels=12, num=1, compact] [0.5 KB]
Creating vector for diagonals... [dist=11, compact] [0.2 KB]
Allocating iteration vectors... [3 x 0.3 KB]
TOTAL: [25.5 KB]

Uniformisation: q.t = 1020.340000 x 100.000000 = 102034.000000
Fox-Glynn: left = 99476, right = 105198

Starting iterations...

Iterative method: 105198 iterations in 0.00 seconds (average 0.000000, setup 0.00)

Value in the initial state: 0.7749266447902495

Time for model checking: 0.049 seconds.

Result: 0.7749266447902495

---------------------------------------------------------------------

Model checking: "P_terminated_110": P=? [ F<=110 (TM_terminated&!TM_to_be_failed) ]

Computing probabilities...
Engine: Hybrid

Number of non-absorbing states: 38 of 39 (97.4%)

Building hybrid MTBDD matrix... [levels=12, nodes=511] [24.0 KB]
Adding explicit sparse matrices... [levels=12, num=1, compact] [0.5 KB]
Creating vector for diagonals... [dist=11, compact] [0.2 KB]
Allocating iteration vectors... [3 x 0.3 KB]
TOTAL: [25.5 KB]

Uniformisation: q.t = 1020.340000 x 110.000000 = 112237.400000
Fox-Glynn: left = 109554, right = 115556

Starting iterations...

Iterative method: 115556 iterations in 0.01 seconds (average 0.000000, setup 0.00)

Value in the initial state: 0.7752408459163347

Time for model checking: 0.051 seconds.

Result: 0.7752408459163347

---------------------------------------------------------------------

Model checking: "P_terminated_120": P=? [ F<=120 (TM_terminated&!TM_to_be_failed) ]

Computing probabilities...
Engine: Hybrid

Number of non-absorbing states: 38 of 39 (97.4%)

Building hybrid MTBDD matrix... [levels=12, nodes=511] [24.0 KB]
Adding explicit sparse matrices... [levels=12, num=1, compact] [0.5 KB]
Creating vector for diagonals... [dist=11, compact] [0.2 KB]
Allocating iteration vectors... [3 x 0.3 KB]
TOTAL: [25.5 KB]

Uniformisation: q.t = 1020.340000 x 120.000000 = 122440.800000
Fox-Glynn: left = 119638, right = 125906

Starting iterations...

Iterative method: 125906 iterations in 0.01 seconds (average 0.000000, setup 0.00)

Value in the initial state: 0.775376273365267

Time for model checking: 0.055 seconds.

Result: 0.775376273365267

---------------------------------------------------------------------

Model checking: "P_terminated_130": P=? [ F<=130 (TM_terminated&!TM_to_be_failed) ]

Computing probabilities...
Engine: Hybrid

Number of non-absorbing states: 38 of 39 (97.4%)

Building hybrid MTBDD matrix... [levels=12, nodes=511] [24.0 KB]
Adding explicit sparse matrices... [levels=12, num=1, compact] [0.5 KB]
Creating vector for diagonals... [dist=11, compact] [0.2 KB]
Allocating iteration vectors... [3 x 0.3 KB]
TOTAL: [25.5 KB]

Uniformisation: q.t = 1020.340000 x 130.000000 = 132644.200000
Fox-Glynn: left = 129728, right = 136251

Starting iterations...

Iterative method: 136251 iterations in 0.02 seconds (average 0.000000, setup 0.00)

Value in the initial state: 0.7754346480146939

Time for model checking: 0.056 seconds.

Result: 0.7754346480146939

---------------------------------------------------------------------

Model checking: "P_terminated_140": P=? [ F<=140 (TM_terminated&!TM_to_be_failed) ]

Computing probabilities...
Engine: Hybrid

Number of non-absorbing states: 38 of 39 (97.4%)

Building hybrid MTBDD matrix... [levels=12, nodes=511] [24.0 KB]
Adding explicit sparse matrices... [levels=12, num=1, compact] [0.5 KB]
Creating vector for diagonals... [dist=11, compact] [0.2 KB]
Allocating iteration vectors... [3 x 0.3 KB]
TOTAL: [25.5 KB]

Uniformisation: q.t = 1020.340000 x 140.000000 = 142847.600000
Fox-Glynn: left = 139821, right = 146591

Starting iterations...

Iterative method: 146591 iterations in 0.02 seconds (average 0.000000, setup 0.00)

Value in the initial state: 0.7754598102371033

Time for model checking: 0.059 seconds.

Result: 0.7754598102371033

---------------------------------------------------------------------

Model checking: "P_terminated_150": P=? [ F<=150 (TM_terminated&!TM_to_be_failed) ]

Computing probabilities...
Engine: Hybrid

Number of non-absorbing states: 38 of 39 (97.4%)

Building hybrid MTBDD matrix... [levels=12, nodes=511] [24.0 KB]
Adding explicit sparse matrices... [levels=12, num=1, compact] [0.5 KB]
Creating vector for diagonals... [dist=11, compact] [0.2 KB]
Allocating iteration vectors... [3 x 0.3 KB]
TOTAL: [25.5 KB]

Uniformisation: q.t = 1020.340000 x 150.000000 = 153051.000000
Fox-Glynn: left = 149919, right = 156926

Starting iterations...

Iterative method: 156926 iterations in 0.02 seconds (average 0.000000, setup 0.00)

Value in the initial state: 0.7754706564077232

Time for model checking: 0.064 seconds.

Result: 0.7754706564077232

---------------------------------------------------------------------

Model checking: "P_terminated_160": P=? [ F<=160 (TM_terminated&!TM_to_be_failed) ]

Computing probabilities...
Engine: Hybrid

Number of non-absorbing states: 38 of 39 (97.4%)

Building hybrid MTBDD matrix... [levels=12, nodes=511] [24.0 KB]
Adding explicit sparse matrices... [levels=12, num=1, compact] [0.5 KB]
Creating vector for diagonals... [dist=11, compact] [0.2 KB]
Allocating iteration vectors... [3 x 0.3 KB]
TOTAL: [25.5 KB]

Uniformisation: q.t = 1020.340000 x 160.000000 = 163254.400000
Fox-Glynn: left = 160019, right = 167256

Starting iterations...

Iterative method: 167256 iterations in 0.03 seconds (average 0.000000, setup 0.00)

Value in the initial state: 0.7754753316584643

Time for model checking: 0.067 seconds.

Result: 0.7754753316584643

---------------------------------------------------------------------

Model checking: "P_terminated_170": P=? [ F<=170 (TM_terminated&!TM_to_be_failed) ]

Computing probabilities...
Engine: Hybrid

Number of non-absorbing states: 38 of 39 (97.4%)

Building hybrid MTBDD matrix... [levels=12, nodes=511] [24.0 KB]
Adding explicit sparse matrices... [levels=12, num=1, compact] [0.5 KB]
Creating vector for diagonals... [dist=11, compact] [0.2 KB]
Allocating iteration vectors... [3 x 0.3 KB]
TOTAL: [25.5 KB]

Uniformisation: q.t = 1020.340000 x 170.000000 = 173457.800000
Fox-Glynn: left = 170122, right = 177582

Starting iterations...

Iterative method: 177582 iterations in 0.02 seconds (average 0.000000, setup 0.00)

Value in the initial state: 0.775477346930969

Time for model checking: 0.07 seconds.

Result: 0.775477346930969

---------------------------------------------------------------------

Model checking: "P_terminated_180": P=? [ F<=180 (TM_terminated&!TM_to_be_failed) ]

Computing probabilities...
Engine: Hybrid

Number of non-absorbing states: 38 of 39 (97.4%)

Building hybrid MTBDD matrix... [levels=12, nodes=511] [24.0 KB]
Adding explicit sparse matrices... [levels=12, num=1, compact] [0.5 KB]
Creating vector for diagonals... [dist=11, compact] [0.2 KB]
Allocating iteration vectors... [3 x 0.3 KB]
TOTAL: [25.5 KB]

Uniformisation: q.t = 1020.340000 x 180.000000 = 183661.200000
Fox-Glynn: left = 180230, right = 187906

Starting iterations...

Iterative method: 187906 iterations in 0.02 seconds (average 0.000000, setup 0.00)

Value in the initial state: 0.7754782156167862

Time for model checking: 0.075 seconds.

Result: 0.7754782156167862

---------------------------------------------------------------------

Model checking: "P_terminated_190": P=? [ F<=190 (TM_terminated&!TM_to_be_failed) ]

Computing probabilities...
Engine: Hybrid

Number of non-absorbing states: 38 of 39 (97.4%)

Building hybrid MTBDD matrix... [levels=12, nodes=511] [24.0 KB]
Adding explicit sparse matrices... [levels=12, num=1, compact] [0.5 KB]
Creating vector for diagonals... [dist=11, compact] [0.2 KB]
Allocating iteration vectors... [3 x 0.3 KB]
TOTAL: [25.5 KB]

Uniformisation: q.t = 1020.340000 x 190.000000 = 193864.600000
Fox-Glynn: left = 190339, right = 198225

Starting iterations...

Iterative method: 198225 iterations in 0.03 seconds (average 0.000000, setup 0.00)

Value in the initial state: 0.7754785900650202

Time for model checking: 0.079 seconds.

Result: 0.7754785900650202

---------------------------------------------------------------------

Model checking: "P_terminated_200": P=? [ F<=200 (TM_terminated&!TM_to_be_failed) ]

Computing probabilities...
Engine: Hybrid

Number of non-absorbing states: 38 of 39 (97.4%)

Building hybrid MTBDD matrix... [levels=12, nodes=511] [24.0 KB]
Adding explicit sparse matrices... [levels=12, num=1, compact] [0.5 KB]
Creating vector for diagonals... [dist=11, compact] [0.2 KB]
Allocating iteration vectors... [3 x 0.3 KB]
TOTAL: [25.5 KB]

Uniformisation: q.t = 1020.340000 x 200.000000 = 204068.000000
Fox-Glynn: left = 200451, right = 208542

Starting iterations...

Iterative method: 208542 iterations in 0.04 seconds (average 0.000000, setup 0.00)

Value in the initial state: 0.7754787514714757

Time for model checking: 0.084 seconds.

Result: 0.7754787514714757

