PRISM
=====

Version: 4.8
Date: Wed Apr 09 23:47:11 UTC 2025
Hostname: ubuntu-server-macos
Memory limits: cudd=1g, java(heap)=1g
Command line: prism twc.prism twc.props -nofixdl -nossdetect -epsilon 1e-9

Parsing model file "twc.prism"...

Type:        CTMC
Modules:     travel_web_i0_E0
Variables:   travel_web_i0_E0_pc travel_web_i0_E0_to_be_terminated travel_web_terminated

Parsing properties file "twc.props"...

13 properties:
(1) "P_deadlock_free": !E [ F "deadlock" ]
(2) "P1_1": P=? [ F<=1 (travel_web_i0_E0_pc=travel_web_i0_E0_ReportToUser) ]
(3) "P1_2": P=? [ F<=2 (travel_web_i0_E0_pc=travel_web_i0_E0_ReportToUser) ]
(4) "P1_3": P=? [ F<=3 (travel_web_i0_E0_pc=travel_web_i0_E0_ReportToUser) ]
(5) "P1_4": P=? [ F<=4 (travel_web_i0_E0_pc=travel_web_i0_E0_ReportToUser) ]
(6) "P2_1": P=? [ !(travel_web_i0_E0_pc=travel_web_i0_E0_SearchRestaurant) U<=1 (travel_web_i0_E0_pc=travel_web_i0_E0_ReportToUser) ]/(1-p1)
(7) "P2_2": P=? [ !(travel_web_i0_E0_pc=travel_web_i0_E0_SearchRestaurant) U<=2 (travel_web_i0_E0_pc=travel_web_i0_E0_ReportToUser) ]/(1-p1)
(8) "P2_3": P=? [ !(travel_web_i0_E0_pc=travel_web_i0_E0_SearchRestaurant) U<=3 (travel_web_i0_E0_pc=travel_web_i0_E0_ReportToUser) ]/(1-p1)
(9) "P2_4": P=? [ !(travel_web_i0_E0_pc=travel_web_i0_E0_SearchRestaurant) U<=4 (travel_web_i0_E0_pc=travel_web_i0_E0_ReportToUser) ]/(1-p1)
(10) "P3_1": P=? [ F<=1 (travel_web_i0_E0_pc=travel_web_i0_E0_ReportToUser) ]-2*(1-P=? [ F<=3 (travel_web_i0_E0_pc=travel_web_i0_E0_ReportToUser) ])
(11) "P3_2": P=? [ F<=2 (travel_web_i0_E0_pc=travel_web_i0_E0_ReportToUser) ]-2*(1-P=? [ F<=3 (travel_web_i0_E0_pc=travel_web_i0_E0_ReportToUser) ])
(12) "P3_3": P=? [ F<=3 (travel_web_i0_E0_pc=travel_web_i0_E0_ReportToUser) ]-2*(1-P=? [ F<=3 (travel_web_i0_E0_pc=travel_web_i0_E0_ReportToUser) ])
(13) "P3_4": P=? [ F<=4 (travel_web_i0_E0_pc=travel_web_i0_E0_ReportToUser) ]-2*(1-P=? [ F<=3 (travel_web_i0_E0_pc=travel_web_i0_E0_ReportToUser) ])

---------------------------------------------------------------------

Model checking: "P_deadlock_free": !E [ F "deadlock" ]

Building model...

Computing reachable states...

Reachability (BFS): 10 iterations in 0.00 seconds (average 0.000000, setup 0.00)

Time for model construction: 0.009 seconds.

Type:        CTMC
States:      14 (1 initial)
Transitions: 16

Rate matrix: 128 nodes (12 terminal), 16 minterms, vars: 6r/6c

CTL EU fixpoint: 1 iterations in 0.0 seconds

Property satisfied in 1 of 1 initial states.

Time for model checking: 0.001 seconds.

Result: true

---------------------------------------------------------------------

Model checking: "P1_1": P=? [ F<=1 (travel_web_i0_E0_pc=travel_web_i0_E0_ReportToUser) ]

Computing probabilities...
Engine: Hybrid

Number of non-absorbing states: 13 of 14 (92.9%)

Building hybrid MTBDD matrix... [levels=6, nodes=122] [5.7 KB]
Adding explicit sparse matrices... [levels=6, num=1, compact] [0.2 KB]
Creating vector for diagonals... [dist=8, compact] [0.1 KB]
Allocating iteration vectors... [3 x 0.1 KB]
TOTAL: [6.3 KB]

Uniformisation: q.t = 1020.000000 x 1.000000 = 1020.000000
Fox-Glynn: left = 762, right = 1338

Starting iterations...

Iterative method: 1338 iterations in 0.00 seconds (average 0.000001, setup 0.00)

Value in the initial state: 0.4123146614737572

Time for model checking: 0.002 seconds.

Result: 0.4123146614737572

---------------------------------------------------------------------

Model checking: "P1_2": P=? [ F<=2 (travel_web_i0_E0_pc=travel_web_i0_E0_ReportToUser) ]

Computing probabilities...
Engine: Hybrid

Number of non-absorbing states: 13 of 14 (92.9%)

Building hybrid MTBDD matrix... [levels=6, nodes=122] [5.7 KB]
Adding explicit sparse matrices... [levels=6, num=1, compact] [0.2 KB]
Creating vector for diagonals... [dist=8, compact] [0.1 KB]
Allocating iteration vectors... [3 x 0.1 KB]
TOTAL: [6.3 KB]

Uniformisation: q.t = 1020.000000 x 2.000000 = 2040.000000
Fox-Glynn: left = 1676, right = 2489

Starting iterations...

Iterative method: 2489 iterations in 0.00 seconds (average 0.000000, setup 0.00)

Value in the initial state: 0.7870035883038959

Time for model checking: 0.001 seconds.

Result: 0.7870035883038959

---------------------------------------------------------------------

Model checking: "P1_3": P=? [ F<=3 (travel_web_i0_E0_pc=travel_web_i0_E0_ReportToUser) ]

Computing probabilities...
Engine: Hybrid

Number of non-absorbing states: 13 of 14 (92.9%)

Building hybrid MTBDD matrix... [levels=6, nodes=122] [5.7 KB]
Adding explicit sparse matrices... [levels=6, num=1, compact] [0.2 KB]
Creating vector for diagonals... [dist=8, compact] [0.1 KB]
Allocating iteration vectors... [3 x 0.1 KB]
TOTAL: [6.3 KB]

Uniformisation: q.t = 1020.000000 x 3.000000 = 3060.000000
Fox-Glynn: left = 2615, right = 3610

Starting iterations...

Iterative method: 3610 iterations in 0.00 seconds (average 0.000000, setup 0.00)

Value in the initial state: 0.9254541184833277

Time for model checking: 0.001 seconds.

Result: 0.9254541184833277

---------------------------------------------------------------------

Model checking: "P1_4": P=? [ F<=4 (travel_web_i0_E0_pc=travel_web_i0_E0_ReportToUser) ]

Computing probabilities...
Engine: Hybrid

Number of non-absorbing states: 13 of 14 (92.9%)

Building hybrid MTBDD matrix... [levels=6, nodes=122] [5.7 KB]
Adding explicit sparse matrices... [levels=6, num=1, compact] [0.2 KB]
Creating vector for diagonals... [dist=8, compact] [0.1 KB]
Allocating iteration vectors... [3 x 0.1 KB]
TOTAL: [6.3 KB]

Uniformisation: q.t = 1020.000000 x 4.000000 = 4080.000000
Fox-Glynn: left = 3566, right = 4714

Starting iterations...

Iterative method: 4714 iterations in 0.00 seconds (average 0.000000, setup 0.00)

Value in the initial state: 0.9733611227128246

Time for model checking: 0.002 seconds.

Result: 0.9733611227128246

---------------------------------------------------------------------

Model checking: "P2_1": P=? [ !(travel_web_i0_E0_pc=travel_web_i0_E0_SearchRestaurant) U<=1 (travel_web_i0_E0_pc=travel_web_i0_E0_ReportToUser) ]/(1-p1)

Computing probabilities...
Engine: Hybrid

Number of non-absorbing states: 12 of 14 (85.7%)

Building hybrid MTBDD matrix... [levels=6, nodes=114] [5.3 KB]
Adding explicit sparse matrices... [levels=6, num=1, compact] [0.1 KB]
Creating vector for diagonals... [dist=7, compact] [0.1 KB]
Allocating iteration vectors... [3 x 0.1 KB]
TOTAL: [5.9 KB]

Uniformisation: q.t = 1020.000000 x 1.000000 = 1020.000000
Fox-Glynn: left = 762, right = 1338

Starting iterations...

Iterative method: 1338 iterations in 0.00 seconds (average 0.000000, setup 0.00)

Value in the initial state: 0.3599300345298598

Time for model checking: 0.001 seconds.

Result: 0.3599300345298598

---------------------------------------------------------------------

Model checking: "P2_2": P=? [ !(travel_web_i0_E0_pc=travel_web_i0_E0_SearchRestaurant) U<=2 (travel_web_i0_E0_pc=travel_web_i0_E0_ReportToUser) ]/(1-p1)

Computing probabilities...
Engine: Hybrid

Number of non-absorbing states: 12 of 14 (85.7%)

Building hybrid MTBDD matrix... [levels=6, nodes=114] [5.3 KB]
Adding explicit sparse matrices... [levels=6, num=1, compact] [0.1 KB]
Creating vector for diagonals... [dist=7, compact] [0.1 KB]
Allocating iteration vectors... [3 x 0.1 KB]
TOTAL: [5.9 KB]

Uniformisation: q.t = 1020.000000 x 2.000000 = 2040.000000
Fox-Glynn: left = 1676, right = 2489

Starting iterations...

Iterative method: 2489 iterations in 0.00 seconds (average 0.000001, setup 0.00)

Value in the initial state: 0.7386563018313962

Time for model checking: 0.001 seconds.

Result: 0.7386563018313962

---------------------------------------------------------------------

Model checking: "P2_3": P=? [ !(travel_web_i0_E0_pc=travel_web_i0_E0_SearchRestaurant) U<=3 (travel_web_i0_E0_pc=travel_web_i0_E0_ReportToUser) ]/(1-p1)

Computing probabilities...
Engine: Hybrid

Number of non-absorbing states: 12 of 14 (85.7%)

Building hybrid MTBDD matrix... [levels=6, nodes=114] [5.3 KB]
Adding explicit sparse matrices... [levels=6, num=1, compact] [0.1 KB]
Creating vector for diagonals... [dist=7, compact] [0.1 KB]
Allocating iteration vectors... [3 x 0.1 KB]
TOTAL: [5.9 KB]

Uniformisation: q.t = 1020.000000 x 3.000000 = 3060.000000
Fox-Glynn: left = 2615, right = 3610

Starting iterations...

Iterative method: 3610 iterations in 0.00 seconds (average 0.000000, setup 0.00)

Value in the initial state: 0.9011975853921822

Time for model checking: 0.002 seconds.

Result: 0.9011975853921822

---------------------------------------------------------------------

Model checking: "P2_4": P=? [ !(travel_web_i0_E0_pc=travel_web_i0_E0_SearchRestaurant) U<=4 (travel_web_i0_E0_pc=travel_web_i0_E0_ReportToUser) ]/(1-p1)

Computing probabilities...
Engine: Hybrid

Number of non-absorbing states: 12 of 14 (85.7%)

Building hybrid MTBDD matrix... [levels=6, nodes=114] [5.3 KB]
Adding explicit sparse matrices... [levels=6, num=1, compact] [0.1 KB]
Creating vector for diagonals... [dist=7, compact] [0.1 KB]
Allocating iteration vectors... [3 x 0.1 KB]
TOTAL: [5.9 KB]

Uniformisation: q.t = 1020.000000 x 4.000000 = 4080.000000
Fox-Glynn: left = 3566, right = 4714

Starting iterations...

Iterative method: 4714 iterations in 0.00 seconds (average 0.000000, setup 0.00)

Value in the initial state: 0.963230309265723

Time for model checking: 0.001 seconds.

Result: 0.963230309265723

---------------------------------------------------------------------

Model checking: "P3_1": P=? [ F<=1 (travel_web_i0_E0_pc=travel_web_i0_E0_ReportToUser) ]-2*(1-P=? [ F<=3 (travel_web_i0_E0_pc=travel_web_i0_E0_ReportToUser) ])

Computing probabilities...
Engine: Hybrid

Number of non-absorbing states: 13 of 14 (92.9%)

Building hybrid MTBDD matrix... [levels=6, nodes=122] [5.7 KB]
Adding explicit sparse matrices... [levels=6, num=1, compact] [0.2 KB]
Creating vector for diagonals... [dist=8, compact] [0.1 KB]
Allocating iteration vectors... [3 x 0.1 KB]
TOTAL: [6.3 KB]

Uniformisation: q.t = 1020.000000 x 1.000000 = 1020.000000
Fox-Glynn: left = 762, right = 1338

Starting iterations...

Iterative method: 1338 iterations in 0.00 seconds (average 0.000000, setup 0.00)

Computing probabilities...
Engine: Hybrid

Number of non-absorbing states: 13 of 14 (92.9%)

Building hybrid MTBDD matrix... [levels=6, nodes=122] [5.7 KB]
Adding explicit sparse matrices... [levels=6, num=1, compact] [0.2 KB]
Creating vector for diagonals... [dist=8, compact] [0.1 KB]
Allocating iteration vectors... [3 x 0.1 KB]
TOTAL: [6.3 KB]

Uniformisation: q.t = 1020.000000 x 3.000000 = 3060.000000
Fox-Glynn: left = 2615, right = 3610

Starting iterations...

Iterative method: 3610 iterations in 0.00 seconds (average 0.000001, setup 0.00)

Value in the initial state: 0.26322289844041263

Time for model checking: 0.009 seconds.

Result: 0.26322289844041263

---------------------------------------------------------------------

Model checking: "P3_2": P=? [ F<=2 (travel_web_i0_E0_pc=travel_web_i0_E0_ReportToUser) ]-2*(1-P=? [ F<=3 (travel_web_i0_E0_pc=travel_web_i0_E0_ReportToUser) ])

Computing probabilities...
Engine: Hybrid

Number of non-absorbing states: 13 of 14 (92.9%)

Building hybrid MTBDD matrix... [levels=6, nodes=122] [5.7 KB]
Adding explicit sparse matrices... [levels=6, num=1, compact] [0.2 KB]
Creating vector for diagonals... [dist=8, compact] [0.1 KB]
Allocating iteration vectors... [3 x 0.1 KB]
TOTAL: [6.3 KB]

Uniformisation: q.t = 1020.000000 x 2.000000 = 2040.000000
Fox-Glynn: left = 1676, right = 2489

Starting iterations...

Iterative method: 2489 iterations in 0.00 seconds (average 0.000000, setup 0.00)

Computing probabilities...
Engine: Hybrid

Number of non-absorbing states: 13 of 14 (92.9%)

Building hybrid MTBDD matrix... [levels=6, nodes=122] [5.7 KB]
Adding explicit sparse matrices... [levels=6, num=1, compact] [0.2 KB]
Creating vector for diagonals... [dist=8, compact] [0.1 KB]
Allocating iteration vectors... [3 x 0.1 KB]
TOTAL: [6.3 KB]

Uniformisation: q.t = 1020.000000 x 3.000000 = 3060.000000
Fox-Glynn: left = 2615, right = 3610

Starting iterations...

Iterative method: 3610 iterations in 0.00 seconds (average 0.000000, setup 0.00)

Value in the initial state: 0.6379118252705513

Time for model checking: 0.003 seconds.

Result: 0.6379118252705513

---------------------------------------------------------------------

Model checking: "P3_3": P=? [ F<=3 (travel_web_i0_E0_pc=travel_web_i0_E0_ReportToUser) ]-2*(1-P=? [ F<=3 (travel_web_i0_E0_pc=travel_web_i0_E0_ReportToUser) ])

Computing probabilities...
Engine: Hybrid

Number of non-absorbing states: 13 of 14 (92.9%)

Building hybrid MTBDD matrix... [levels=6, nodes=122] [5.7 KB]
Adding explicit sparse matrices... [levels=6, num=1, compact] [0.2 KB]
Creating vector for diagonals... [dist=8, compact] [0.1 KB]
Allocating iteration vectors... [3 x 0.1 KB]
TOTAL: [6.3 KB]

Uniformisation: q.t = 1020.000000 x 3.000000 = 3060.000000
Fox-Glynn: left = 2615, right = 3610

Starting iterations...

Iterative method: 3610 iterations in 0.00 seconds (average 0.000000, setup 0.00)

Computing probabilities...
Engine: Hybrid

Number of non-absorbing states: 13 of 14 (92.9%)

Building hybrid MTBDD matrix... [levels=6, nodes=122] [5.7 KB]
Adding explicit sparse matrices... [levels=6, num=1, compact] [0.2 KB]
Creating vector for diagonals... [dist=8, compact] [0.1 KB]
Allocating iteration vectors... [3 x 0.1 KB]
TOTAL: [6.3 KB]

Uniformisation: q.t = 1020.000000 x 3.000000 = 3060.000000
Fox-Glynn: left = 2615, right = 3610

Starting iterations...

Iterative method: 3610 iterations in 0.00 seconds (average 0.000000, setup 0.00)

Value in the initial state: 0.7763623554499831

Time for model checking: 0.003 seconds.

Result: 0.7763623554499831

---------------------------------------------------------------------

Model checking: "P3_4": P=? [ F<=4 (travel_web_i0_E0_pc=travel_web_i0_E0_ReportToUser) ]-2*(1-P=? [ F<=3 (travel_web_i0_E0_pc=travel_web_i0_E0_ReportToUser) ])

Computing probabilities...
Engine: Hybrid

Number of non-absorbing states: 13 of 14 (92.9%)

Building hybrid MTBDD matrix... [levels=6, nodes=122] [5.7 KB]
Adding explicit sparse matrices... [levels=6, num=1, compact] [0.2 KB]
Creating vector for diagonals... [dist=8, compact] [0.1 KB]
Allocating iteration vectors... [3 x 0.1 KB]
TOTAL: [6.3 KB]

Uniformisation: q.t = 1020.000000 x 4.000000 = 4080.000000
Fox-Glynn: left = 3566, right = 4714

Starting iterations...

Iterative method: 4714 iterations in 0.00 seconds (average 0.000000, setup 0.00)

Computing probabilities...
Engine: Hybrid

Number of non-absorbing states: 13 of 14 (92.9%)

Building hybrid MTBDD matrix... [levels=6, nodes=122] [5.7 KB]
Adding explicit sparse matrices... [levels=6, num=1, compact] [0.2 KB]
Creating vector for diagonals... [dist=8, compact] [0.1 KB]
Allocating iteration vectors... [3 x 0.1 KB]
TOTAL: [6.3 KB]

Uniformisation: q.t = 1020.000000 x 3.000000 = 3060.000000
Fox-Glynn: left = 2615, right = 3610

Starting iterations...

Iterative method: 3610 iterations in 0.00 seconds (average 0.000000, setup 0.00)

Value in the initial state: 0.82426935967948

Time for model checking: 0.003 seconds.

Result: 0.82426935967948

