PRISM
=====

Version: 4.8
Date: Wed Apr 09 00:10:55 UTC 2025
Hostname: ubuntu-server-macos
Memory limits: cudd=1g, java(heap)=1g
Command line: prism pal.prism pal.props -const p_c_a=0.989 -const p_d_12=0.5 -const p_d_1=0.96 -const p_d_2=0.96 -const p_c_c=0.995 -const p_c_b=0.989 -nofixdl -nossdetect -epsilon 1e-9

Parsing model file "pal.prism"...

Type:        CTMC
Modules:     PAL_F1_E25 PAL_I0_E1
Variables:   PAL_F1_E25_pc PAL_F1_E25_to_be_terminated PAL_I0_E1_pc PAL_I0_E1_to_be_terminated PAL_I0_E1_to_be_failed PAL_terminated

Parsing properties file "pal.props"...

6 properties:
(1) "either_success": P=? [ F<=10 (PAL_I0_E1_pc=PAL_I0_E1_R1DeliveredRoomD)|(PAL_F1_E25_pc=PAL_F1_E25_R2DeliveredRoomD) ]
(2) "both_success": P=? [ F<=10 (PAL_I0_E1_pc=PAL_I0_E1_R1DeliveredRoomD)&(PAL_F1_E25_pc=PAL_F1_E25_R2DeliveredRoomD) ]
(3) "stuck": P=? [ F<=10 (PAL_I0_E1_pc=PAL_I0_E1_R1Stuck)&(PAL_F1_E25_pc=PAL_F1_E25_R2Stuck) ]
(4) "terminate_t": P=? [ F<=10 PAL_F1_E25_pc=PAL_F1_E25_AF ]
(5) "reward": R{"rwd_door12_attempt"}=? [ C<=10 ]
(6) "deadlock_freedom": !E [ F "deadlock" ]

---------------------------------------------------------------------

Model checking: "either_success": P=? [ F<=10 (PAL_I0_E1_pc=PAL_I0_E1_R1DeliveredRoomD)|(PAL_F1_E25_pc=PAL_F1_E25_R2DeliveredRoomD) ]
Model constants: p_c_a=0.989,p_d_12=0.5,p_d_1=0.96,p_d_2=0.96,p_c_c=0.995,p_c_b=0.989

Building model...
Model constants: p_c_a=0.989,p_d_12=0.5,p_d_1=0.96,p_d_2=0.96,p_c_c=0.995,p_c_b=0.989

Computing reachable states...

Reachability (BFS): 19 iterations in 0.00 seconds (average 0.000000, setup 0.00)

Time for model construction: 0.04 seconds.

Type:        CTMC
States:      126 (1 initial)
Transitions: 275

Rate matrix: 443 nodes (15 terminal), 275 minterms, vars: 13r/13c

Computing probabilities...
Engine: Hybrid

Number of non-absorbing states: 103 of 126 (81.7%)

Building hybrid MTBDD matrix... [levels=13, nodes=463] [21.7 KB]
Adding explicit sparse matrices... [levels=13, num=1, compact] [1.1 KB]
Creating vector for diagonals... [dist=18, compact] [0.4 KB]
Allocating iteration vectors... [3 x 1.0 KB]
TOTAL: [26.2 KB]

Uniformisation: q.t = 2040.000000 x 10.000000 = 20400.000000
Fox-Glynn: left = 19255, right = 21816

Starting iterations...

Iterative method: 21816 iterations in 0.01 seconds (average 0.000001, setup 0.00)

Value in the initial state: 0.9991307569268393

Time for model checking: 0.017 seconds.

Result: 0.9991307569268393

---------------------------------------------------------------------

Model checking: "both_success": P=? [ F<=10 (PAL_I0_E1_pc=PAL_I0_E1_R1DeliveredRoomD)&(PAL_F1_E25_pc=PAL_F1_E25_R2DeliveredRoomD) ]
Model constants: p_c_a=0.989,p_d_12=0.5,p_d_1=0.96,p_d_2=0.96,p_c_c=0.995,p_c_b=0.989

Computing probabilities...
Engine: Hybrid

Number of non-absorbing states: 125 of 126 (99.2%)

Building hybrid MTBDD matrix... [levels=13, nodes=484] [22.7 KB]
Adding explicit sparse matrices... [levels=13, num=1, compact] [1.3 KB]
Creating vector for diagonals... [dist=19, compact] [0.4 KB]
Allocating iteration vectors... [3 x 1.0 KB]
TOTAL: [27.3 KB]

Uniformisation: q.t = 2040.000000 x 10.000000 = 20400.000000
Fox-Glynn: left = 19255, right = 21816

Starting iterations...

Iterative method: 21816 iterations in 0.01 seconds (average 0.000000, setup 0.00)

Value in the initial state: 0.17770620759073388

Time for model checking: 0.031 seconds.

Result: 0.17770620759073388

---------------------------------------------------------------------

Model checking: "stuck": P=? [ F<=10 (PAL_I0_E1_pc=PAL_I0_E1_R1Stuck)&(PAL_F1_E25_pc=PAL_F1_E25_R2Stuck) ]
Model constants: p_c_a=0.989,p_d_12=0.5,p_d_1=0.96,p_d_2=0.96,p_c_c=0.995,p_c_b=0.989

Computing probabilities...
Engine: Hybrid

Number of non-absorbing states: 125 of 126 (99.2%)

Building hybrid MTBDD matrix... [levels=13, nodes=484] [22.7 KB]
Adding explicit sparse matrices... [levels=13, num=1, compact] [1.3 KB]
Creating vector for diagonals... [dist=19, compact] [0.4 KB]
Allocating iteration vectors... [3 x 1.0 KB]
TOTAL: [27.3 KB]

Uniformisation: q.t = 2040.000000 x 10.000000 = 20400.000000
Fox-Glynn: left = 19255, right = 21816

Starting iterations...

Iterative method: 21816 iterations in 0.01 seconds (average 0.000000, setup 0.00)

Value in the initial state: 3.6155562439551654E-5

Time for model checking: 0.017 seconds.

Result: 3.6155562439551654E-5

---------------------------------------------------------------------

Model checking: "terminate_t": P=? [ F<=10 PAL_F1_E25_pc=PAL_F1_E25_AF ]
Model constants: p_c_a=0.989,p_d_12=0.5,p_d_1=0.96,p_d_2=0.96,p_c_c=0.995,p_c_b=0.989

Computing probabilities...
Engine: Hybrid

Number of non-absorbing states: 125 of 126 (99.2%)

Building hybrid MTBDD matrix... [levels=13, nodes=448] [21.0 KB]
Adding explicit sparse matrices... [levels=13, num=1, compact] [1.3 KB]
Creating vector for diagonals... [dist=19, compact] [0.4 KB]
Allocating iteration vectors... [3 x 1.0 KB]
TOTAL: [25.7 KB]

Uniformisation: q.t = 2040.000000 x 10.000000 = 20400.000000
Fox-Glynn: left = 19255, right = 21816

Starting iterations...

Iterative method: 21816 iterations in 0.01 seconds (average 0.000000, setup 0.00)

Value in the initial state: 0.9676548055459443

Time for model checking: 0.022 seconds.

Result: 0.9676548055459443

---------------------------------------------------------------------

Model checking: "reward": R{"rwd_door12_attempt"}=? [ C<=10 ]
Model constants: p_c_a=0.989,p_d_12=0.5,p_d_1=0.96,p_d_2=0.96,p_c_c=0.995,p_c_b=0.989

Computing rewards...
Engine: Hybrid

Building hybrid MTBDD matrix... [levels=13, nodes=471] [22.1 KB]
Adding explicit sparse matrices... [levels=13, num=1, compact] [1.3 KB]
Creating vector for diagonals... [dist=18, compact] [0.4 KB]
Allocating iteration vectors... [3 x 1.0 KB]
TOTAL: [26.7 KB]

Uniformisation: q.t = 2040.000000 x 10.000000 = 20400.000000
Fox-Glynn: left = 19255, right = 21816

Starting iterations...

Iterative method: 21816 iterations in 0.01 seconds (average 0.000001, setup 0.00)

Value in the initial state: 1.0300013376109902

Time for model checking: 0.022 seconds.

Result: 1.0300013376109902

---------------------------------------------------------------------

Model checking: "deadlock_freedom": !E [ F "deadlock" ]
Model constants: p_c_a=0.989,p_d_12=0.5,p_d_1=0.96,p_d_2=0.96,p_c_c=0.995,p_c_b=0.989

CTL EU fixpoint: 1 iterations in 0.0 seconds

Property satisfied in 1 of 1 initial states.

Time for model checking: 0.001 seconds.

Result: true

